Arguments: 
  C:\Program Files\nodejs\node.exe C:\Users\tcs\AppData\Roaming\npm\node_modules\yarn\bin\yarn.js add express-fileupload

PATH: 
  C:\Program Files\Common Files\Oracle\Java\javapath;C:\Python310\Scripts\;C:\Python310\;C:\WINDOWS\system32;C:\WINDOWS;C:\WINDOWS\System32\Wbem;C:\WINDOWS\System32\WindowsPowerShell\v1.0\;C:\WINDOWS\System32\OpenSSH\;C:\Program Files\nodejs\;C:\ProgramData\chocolatey\bin;C:\Program Files\Git\cmd;C:\msys64\mingw64\bin;C:\Users\tcs\AppData\Local\Microsoft\WindowsApps;;C:\Users\tcs\AppData\Local\Programs\Microsoft VS Code\bin;C:\Users\tcs\AppData\Roaming\npm

Yarn version: 
  1.22.19

Node version: 
  16.13.0

Platform: 
  win32 x64

Trace: 
  Error: getaddrinfo ENOTFOUND registry.yarnpkg.com
      at GetAddrInfoReqWrap.onlookup [as oncomplete] (node:dns:71:26)

npm manifest: 
  {
    "dependencies": {
      "express": "^4.18.1",
      "mysql": "^2.18.1",
      "nodemon": "^2.0.19",
      "yarn": "^1.22.19"
    }
  }

yarn manifest: 
  No manifest

Lockfile: 
  No lockfile
